<?xml version="1.0" encoding="UTF-8" ?>
<!-- Generated by Oracle SCA Test Modeler version 1.0 at [10/6/15 1:51 PM]. -->
<compositeTest compositeDN="MultiplicationComposite" xmlns="http://xmlns.oracle.com/sca/2006/test">
  <about>-5 * 10 = -50</about>
  <initiate serviceName="multiplicationbpel_client_ep" operation="process" isAsync="false" delay="PT0S">
    <message>
      <part partName="payload">
        <content>
          <input xmlns="http://www.example.org">
            <a>-5</a>
            <b>10</b>
          </input>
        </content>
      </part>
    </message>
  </initiate>
  <wireActions wireSource="multiplicationbpel_client_ep" operation="process">
    <assert comparisonMethod="xml-similar">
      <description/>
      <expected>
        <location key="output"/>
        <message>
          <part partName="payload">
            <content>
              <output xmlns="http://www.example.org">
                <result>-50</result>
              </output>
            </content>
          </part>
        </message>
      </expected>
    </assert>
  </wireActions>
</compositeTest>
